[debug] [2018-05-10T20:09:42.945Z] ----------------------------------------------------------------------
[debug] [2018-05-10T20:09:42.949Z] Command:       /Users/janelgrant/.npm/_npx/41011/lib/node_modules/node/bin/node /Users/janelgrant/.nvm/versions/node/v9.4.0/bin/firebase serve --only functions,hosting
[debug] [2018-05-10T20:09:42.949Z] CLI Version:   3.18.4
[debug] [2018-05-10T20:09:42.949Z] Platform:      darwin
[debug] [2018-05-10T20:09:42.949Z] Node Version:  v6.14.2
[debug] [2018-05-10T20:09:42.950Z] Time:          Thu May 10 2018 16:09:42 GMT-0400 (EDT)
[debug] [2018-05-10T20:09:42.950Z] ----------------------------------------------------------------------
[debug] 
[debug] [2018-05-10T20:09:42.967Z] > command requires scopes: ["email","openid","https://www.googleapis.com/auth/cloudplatformprojects.readonly","https://www.googleapis.com/auth/firebase","https://www.googleapis.com/auth/cloud-platform"]
[debug] [2018-05-10T20:09:42.968Z] > authorizing via signed-in user
[debug] [2018-05-10T20:09:42.972Z] >>> HTTP REQUEST GET https://admin.firebase.com/v1/projects/mahazay-c248c  
  
 Thu May 10 2018 16:09:42 GMT-0400 (EDT)
[debug] [2018-05-10T20:09:43.315Z] <<< HTTP RESPONSE 200
[debug] [2018-05-10T20:09:43.317Z] >>> HTTP REQUEST GET https://admin.firebase.com/v1/database/mahazay-c248c/tokens  
  
 Thu May 10 2018 16:09:43 GMT-0400 (EDT)
[debug] [2018-05-10T20:09:43.646Z] <<< HTTP RESPONSE 200
[debug] [2018-05-10T20:09:43.648Z] >>> HTTP REQUEST GET https://cloudresourcemanager.googleapis.com/v1/projects/mahazay-c248c  
  
 Thu May 10 2018 16:09:43 GMT-0400 (EDT)
[debug] [2018-05-10T20:09:44.269Z] <<< HTTP RESPONSE 200
[info] 
[info] === Serving from '/Users/janelgrant/GraceHopper-Fullstack-Immersive/SeniorPhase/mahazay-two'...
[info] 
[info] i  functions: Preparing to emulate functions.
[debug] [2018-05-10T20:09:45.493Z] Fetching environment
[debug] [2018-05-10T20:09:45.497Z] >>> HTTP REQUEST GET https://mobilesdk-pa.googleapis.com/v1/projects/255815640961:getServerAppConfig  
  
 Thu May 10 2018 16:09:45 GMT-0400 (EDT)
[debug] [2018-05-10T20:09:45.498Z] >>> HTTP REQUEST GET https://mobilesdk-pa.googleapis.com/v1/projects/255815640961/clients/_:getWebAppConfig  
  
 Thu May 10 2018 16:09:45 GMT-0400 (EDT)
[debug] [2018-05-10T20:09:45.859Z] <<< HTTP RESPONSE 200
[debug] [2018-05-10T20:09:45.860Z] Starting @google-cloud/functions-emulator
[debug] [2018-05-10T20:09:45.915Z] <<< HTTP RESPONSE 200
[info] i  hosting: Serving hosting files from: public
[info] ✔  hosting: Local server: http://localhost:5000

[debug] [2018-05-10T20:09:48.943Z] Parsing function triggers
[info] ✔  functions: api: http://localhost:5001/mahazay-c248c/us-central1/api
[info] [hosting] Rewriting /api/token/tone_analyzer to local function api
[info] [hosting] Rewriting /api/entries/F5Q7r4wszKEAj1q6KBZ6/personalityInsights to local function api
